<?xml version="1.0" encoding="UTF-8"?>
<testsuite xmlns:xsi="http://www.w3.org/2001/XMLSchema-instance" xsi:noNamespaceSchemaLocation="https://maven.apache.org/surefire/maven-surefire-plugin/xsd/surefire-test-report-3.0.xsd" version="3.0" name="br.com.projeto_swaglabs.SwagLabsLoginTests" time="43.229" tests="11" errors="0" skipped="0" failures="0">
  <properties>
[...]
</properties>
  <testcase name="loginSemUsernameESemPassword" classname="br.com.projeto_swaglabs.SwagLabsLoginTests" time="4.805">
    <system-out><![CDATA[01:11:22.327 [main] DEBUG io.github.bonigarcia.wdm.WebDriverManager -- Using WebDriverManager 5.8.0
01:11:23.029 [main] DEBUG io.github.bonigarcia.wdm.cache.ResolutionCache -- Resolution chrome=142 in cache (valid until 01:15:17 01/12/2025 BRT)
01:11:23.030 [main] DEBUG io.github.bonigarcia.wdm.cache.ResolutionCache -- Resolution chrome142=142.0.7444.175 in cache (valid until 23:12:35 01/12/2025 BRT)
01:11:23.031 [main] INFO io.github.bonigarcia.wdm.WebDriverManager -- Using chromedriver 142.0.7444.175 (resolved driver for Chrome 142)
01:11:23.071 [main] DEBUG io.github.bonigarcia.wdm.WebDriverManager -- Driver chromedriver 142.0.7444.175 found in cache
01:11:23.072 [main] INFO io.github.bonigarcia.wdm.WebDriverManager -- Exporting webdriver.chrome.driver as C:\Users\bruno\.cache\selenium\chromedriver\win64\142.0.7444.175\chromedriver.exe
]]></system-out>
    <system-err><![CDATA[dez. 01, 2025 1:11:25 AM org.openqa.selenium.devtools.CdpVersionFinder findNearestMatch
ADVERTENCIA: Unable to find CDP implementation matching 142
dez. 01, 2025 1:11:25 AM org.openqa.selenium.chromium.ChromiumDriver lambda$new$5
ADVERTENCIA: Unable to find version of CDP to use for 142.0.7444.163. You may need to include a dependency on a specific version of the CDP using something similar to `org.seleniumhq.selenium:selenium-devtools-v86:4.20.0` where the version ("v86") matches the version of the chromium-based browser you're using and the version number of the artifact is the same as Selenium's.
]]></system-err>
  </testcase>
  <testcase name="loginComErrorUser" classname="br.com.projeto_swaglabs.SwagLabsLoginTests" time="3.183">
    <system-out><![CDATA[01:11:26.737 [main] DEBUG io.github.bonigarcia.wdm.WebDriverManager -- Using WebDriverManager 5.8.0
01:11:26.748 [main] DEBUG io.github.bonigarcia.wdm.cache.ResolutionCache -- Resolution chrome=142 in cache (valid until 01:15:17 01/12/2025 BRT)
01:11:26.749 [main] DEBUG io.github.bonigarcia.wdm.cache.ResolutionCache -- Resolution chrome142=142.0.7444.175 in cache (valid until 23:12:35 01/12/2025 BRT)
01:11:26.749 [main] INFO io.github.bonigarcia.wdm.WebDriverManager -- Using chromedriver 142.0.7444.175 (resolved driver for Chrome 142)
01:11:26.762 [main] DEBUG io.github.bonigarcia.wdm.WebDriverManager -- Driver chromedriver 142.0.7444.175 found in cache
01:11:26.763 [main] INFO io.github.bonigarcia.wdm.WebDriverManager -- Exporting webdriver.chrome.driver as C:\Users\bruno\.cache\selenium\chromedriver\win64\142.0.7444.175\chromedriver.exe
]]></system-out>
    <system-err><![CDATA[dez. 01, 2025 1:11:28 AM org.openqa.selenium.devtools.CdpVersionFinder findNearestMatch
ADVERTENCIA: Unable to find CDP implementation matching 142
dez. 01, 2025 1:11:28 AM org.openqa.selenium.chromium.ChromiumDriver lambda$new$5
ADVERTENCIA: Unable to find version of CDP to use for 142.0.7444.163. You may need to include a dependency on a specific version of the CDP using something similar to `org.seleniumhq.selenium:selenium-devtools-v86:4.20.0` where the version ("v86") matches the version of the chromium-based browser you're using and the version number of the artifact is the same as Selenium's.
]]></system-err>
  </testcase>
  <testcase name="loginComVisualUser" classname="br.com.projeto_swaglabs.SwagLabsLoginTests" time="3.388">
    <system-out><![CDATA[01:11:29.921 [main] DEBUG io.github.bonigarcia.wdm.WebDriverManager -- Using WebDriverManager 5.8.0
01:11:29.935 [main] DEBUG io.github.bonigarcia.wdm.cache.ResolutionCache -- Resolution chrome=142 in cache (valid until 01:15:17 01/12/2025 BRT)
01:11:29.936 [main] DEBUG io.github.bonigarcia.wdm.cache.ResolutionCache -- Resolution chrome142=142.0.7444.175 in cache (valid until 23:12:35 01/12/2025 BRT)
01:11:29.936 [main] INFO io.github.bonigarcia.wdm.WebDriverManager -- Using chromedriver 142.0.7444.175 (resolved driver for Chrome 142)
01:11:29.949 [main] DEBUG io.github.bonigarcia.wdm.WebDriverManager -- Driver chromedriver 142.0.7444.175 found in cache
01:11:29.950 [main] INFO io.github.bonigarcia.wdm.WebDriverManager -- Exporting webdriver.chrome.driver as C:\Users\bruno\.cache\selenium\chromedriver\win64\142.0.7444.175\chromedriver.exe
]]></system-out>
    <system-err><![CDATA[dez. 01, 2025 1:11:31 AM org.openqa.selenium.devtools.CdpVersionFinder findNearestMatch
ADVERTENCIA: Unable to find CDP implementation matching 142
dez. 01, 2025 1:11:31 AM org.openqa.selenium.chromium.ChromiumDriver lambda$new$5
ADVERTENCIA: Unable to find version of CDP to use for 142.0.7444.163. You may need to include a dependency on a specific version of the CDP using something similar to `org.seleniumhq.selenium:selenium-devtools-v86:4.20.0` where the version ("v86") matches the version of the chromium-based browser you're using and the version number of the artifact is the same as Selenium's.
]]></system-err>
  </testcase>
  <testcase name="loginComApenasUsername" classname="br.com.projeto_swaglabs.SwagLabsLoginTests" time="3.142">
    <system-out><![CDATA[01:11:33.311 [main] DEBUG io.github.bonigarcia.wdm.WebDriverManager -- Using WebDriverManager 5.8.0
01:11:33.323 [main] DEBUG io.github.bonigarcia.wdm.cache.ResolutionCache -- Resolution chrome=142 in cache (valid until 01:15:17 01/12/2025 BRT)
01:11:33.325 [main] DEBUG io.github.bonigarcia.wdm.cache.ResolutionCache -- Resolution chrome142=142.0.7444.175 in cache (valid until 23:12:35 01/12/2025 BRT)
01:11:33.325 [main] INFO io.github.bonigarcia.wdm.WebDriverManager -- Using chromedriver 142.0.7444.175 (resolved driver for Chrome 142)
01:11:33.335 [main] DEBUG io.github.bonigarcia.wdm.WebDriverManager -- Driver chromedriver 142.0.7444.175 found in cache
01:11:33.336 [main] INFO io.github.bonigarcia.wdm.WebDriverManager -- Exporting webdriver.chrome.driver as C:\Users\bruno\.cache\selenium\chromedriver\win64\142.0.7444.175\chromedriver.exe
]]></system-out>
    <system-err><![CDATA[dez. 01, 2025 1:11:34 AM org.openqa.selenium.devtools.CdpVersionFinder findNearestMatch
ADVERTENCIA: Unable to find CDP implementation matching 142
dez. 01, 2025 1:11:34 AM org.openqa.selenium.chromium.ChromiumDriver lambda$new$5
ADVERTENCIA: Unable to find version of CDP to use for 142.0.7444.163. You may need to include a dependency on a specific version of the CDP using something similar to `org.seleniumhq.selenium:selenium-devtools-v86:4.20.0` where the version ("v86") matches the version of the chromium-based browser you're using and the version number of the artifact is the same as Selenium's.
]]></system-err>
  </testcase>
  <testcase name="loginComApenasPassword" classname="br.com.projeto_swaglabs.SwagLabsLoginTests" time="2.682">
    <system-out><![CDATA[01:11:36.454 [main] DEBUG io.github.bonigarcia.wdm.WebDriverManager -- Using WebDriverManager 5.8.0
01:11:36.464 [main] DEBUG io.github.bonigarcia.wdm.cache.ResolutionCache -- Resolution chrome=142 in cache (valid until 01:15:17 01/12/2025 BRT)
01:11:36.465 [main] DEBUG io.github.bonigarcia.wdm.cache.ResolutionCache -- Resolution chrome142=142.0.7444.175 in cache (valid until 23:12:35 01/12/2025 BRT)
01:11:36.465 [main] INFO io.github.bonigarcia.wdm.WebDriverManager -- Using chromedriver 142.0.7444.175 (resolved driver for Chrome 142)
01:11:36.475 [main] DEBUG io.github.bonigarcia.wdm.WebDriverManager -- Driver chromedriver 142.0.7444.175 found in cache
01:11:36.476 [main] INFO io.github.bonigarcia.wdm.WebDriverManager -- Exporting webdriver.chrome.driver as C:\Users\bruno\.cache\selenium\chromedriver\win64\142.0.7444.175\chromedriver.exe
]]></system-out>
    <system-err><![CDATA[dez. 01, 2025 1:11:37 AM org.openqa.selenium.devtools.CdpVersionFinder findNearestMatch
ADVERTENCIA: Unable to find CDP implementation matching 142
dez. 01, 2025 1:11:37 AM org.openqa.selenium.chromium.ChromiumDriver lambda$new$5
ADVERTENCIA: Unable to find version of CDP to use for 142.0.7444.163. You may need to include a dependency on a specific version of the CDP using something similar to `org.seleniumhq.selenium:selenium-devtools-v86:4.20.0` where the version ("v86") matches the version of the chromium-based browser you're using and the version number of the artifact is the same as Selenium's.
]]></system-err>
  </testcase>
  <testcase name="loginComUsernameInvalidoEPasswordValido" classname="br.com.projeto_swaglabs.SwagLabsLoginTests" time="3.051">
    <system-out><![CDATA[01:11:39.139 [main] DEBUG io.github.bonigarcia.wdm.WebDriverManager -- Using WebDriverManager 5.8.0
01:11:39.152 [main] DEBUG io.github.bonigarcia.wdm.cache.ResolutionCache -- Resolution chrome=142 in cache (valid until 01:15:17 01/12/2025 BRT)
01:11:39.153 [main] DEBUG io.github.bonigarcia.wdm.cache.ResolutionCache -- Resolution chrome142=142.0.7444.175 in cache (valid until 23:12:35 01/12/2025 BRT)
01:11:39.153 [main] INFO io.github.bonigarcia.wdm.WebDriverManager -- Using chromedriver 142.0.7444.175 (resolved driver for Chrome 142)
01:11:39.165 [main] DEBUG io.github.bonigarcia.wdm.WebDriverManager -- Driver chromedriver 142.0.7444.175 found in cache
01:11:39.166 [main] INFO io.github.bonigarcia.wdm.WebDriverManager -- Exporting webdriver.chrome.driver as C:\Users\bruno\.cache\selenium\chromedriver\win64\142.0.7444.175\chromedriver.exe
]]></system-out>
    <system-err><![CDATA[dez. 01, 2025 1:11:40 AM org.openqa.selenium.devtools.CdpVersionFinder findNearestMatch
ADVERTENCIA: Unable to find CDP implementation matching 142
dez. 01, 2025 1:11:40 AM org.openqa.selenium.chromium.ChromiumDriver lambda$new$5
ADVERTENCIA: Unable to find version of CDP to use for 142.0.7444.163. You may need to include a dependency on a specific version of the CDP using something similar to `org.seleniumhq.selenium:selenium-devtools-v86:4.20.0` where the version ("v86") matches the version of the chromium-based browser you're using and the version number of the artifact is the same as Selenium's.
]]></system-err>
  </testcase>
  <testcase name="loginComUsernameValidoEPasswordInvalido" classname="br.com.projeto_swaglabs.SwagLabsLoginTests" time="2.903">
    <system-out><![CDATA[01:11:42.190 [main] DEBUG io.github.bonigarcia.wdm.WebDriverManager -- Using WebDriverManager 5.8.0
01:11:42.196 [main] DEBUG io.github.bonigarcia.wdm.cache.ResolutionCache -- Resolution chrome=142 in cache (valid until 01:15:17 01/12/2025 BRT)
01:11:42.197 [main] DEBUG io.github.bonigarcia.wdm.cache.ResolutionCache -- Resolution chrome142=142.0.7444.175 in cache (valid until 23:12:35 01/12/2025 BRT)
01:11:42.197 [main] INFO io.github.bonigarcia.wdm.WebDriverManager -- Using chromedriver 142.0.7444.175 (resolved driver for Chrome 142)
01:11:42.204 [main] DEBUG io.github.bonigarcia.wdm.WebDriverManager -- Driver chromedriver 142.0.7444.175 found in cache
01:11:42.205 [main] INFO io.github.bonigarcia.wdm.WebDriverManager -- Exporting webdriver.chrome.driver as C:\Users\bruno\.cache\selenium\chromedriver\win64\142.0.7444.175\chromedriver.exe
]]></system-out>
    <system-err><![CDATA[dez. 01, 2025 1:11:43 AM org.openqa.selenium.devtools.CdpVersionFinder findNearestMatch
ADVERTENCIA: Unable to find CDP implementation matching 142
dez. 01, 2025 1:11:43 AM org.openqa.selenium.chromium.ChromiumDriver lambda$new$5
ADVERTENCIA: Unable to find version of CDP to use for 142.0.7444.163. You may need to include a dependency on a specific version of the CDP using something similar to `org.seleniumhq.selenium:selenium-devtools-v86:4.20.0` where the version ("v86") matches the version of the chromium-based browser you're using and the version number of the artifact is the same as Selenium's.
]]></system-err>
  </testcase>
  <testcase name="loginComLockedOutUser" classname="br.com.projeto_swaglabs.SwagLabsLoginTests" time="3.922">
    <system-out><![CDATA[01:11:45.096 [main] DEBUG io.github.bonigarcia.wdm.WebDriverManager -- Using WebDriverManager 5.8.0
01:11:45.112 [main] DEBUG io.github.bonigarcia.wdm.cache.ResolutionCache -- Resolution chrome=142 in cache (valid until 01:15:17 01/12/2025 BRT)
01:11:45.112 [main] DEBUG io.github.bonigarcia.wdm.cache.ResolutionCache -- Resolution chrome142=142.0.7444.175 in cache (valid until 23:12:35 01/12/2025 BRT)
01:11:45.113 [main] INFO io.github.bonigarcia.wdm.WebDriverManager -- Using chromedriver 142.0.7444.175 (resolved driver for Chrome 142)
01:11:45.124 [main] DEBUG io.github.bonigarcia.wdm.WebDriverManager -- Driver chromedriver 142.0.7444.175 found in cache
01:11:45.125 [main] INFO io.github.bonigarcia.wdm.WebDriverManager -- Exporting webdriver.chrome.driver as C:\Users\bruno\.cache\selenium\chromedriver\win64\142.0.7444.175\chromedriver.exe
]]></system-out>
    <system-err><![CDATA[dez. 01, 2025 1:11:46 AM org.openqa.selenium.devtools.CdpVersionFinder findNearestMatch
ADVERTENCIA: Unable to find CDP implementation matching 142
dez. 01, 2025 1:11:46 AM org.openqa.selenium.chromium.ChromiumDriver lambda$new$5
ADVERTENCIA: Unable to find version of CDP to use for 142.0.7444.163. You may need to include a dependency on a specific version of the CDP using something similar to `org.seleniumhq.selenium:selenium-devtools-v86:4.20.0` where the version ("v86") matches the version of the chromium-based browser you're using and the version number of the artifact is the same as Selenium's.
]]></system-err>
  </testcase>
  <testcase name="loginComStandardUser" classname="br.com.projeto_swaglabs.SwagLabsLoginTests" time="3.706">
    <system-out><![CDATA[01:11:49.019 [main] DEBUG io.github.bonigarcia.wdm.WebDriverManager -- Using WebDriverManager 5.8.0
01:11:49.026 [main] DEBUG io.github.bonigarcia.wdm.cache.ResolutionCache -- Resolution chrome=142 in cache (valid until 01:15:17 01/12/2025 BRT)
01:11:49.026 [main] DEBUG io.github.bonigarcia.wdm.cache.ResolutionCache -- Resolution chrome142=142.0.7444.175 in cache (valid until 23:12:35 01/12/2025 BRT)
01:11:49.027 [main] INFO io.github.bonigarcia.wdm.WebDriverManager -- Using chromedriver 142.0.7444.175 (resolved driver for Chrome 142)
01:11:49.034 [main] DEBUG io.github.bonigarcia.wdm.WebDriverManager -- Driver chromedriver 142.0.7444.175 found in cache
01:11:49.035 [main] INFO io.github.bonigarcia.wdm.WebDriverManager -- Exporting webdriver.chrome.driver as C:\Users\bruno\.cache\selenium\chromedriver\win64\142.0.7444.175\chromedriver.exe
]]></system-out>
    <system-err><![CDATA[dez. 01, 2025 1:11:50 AM org.openqa.selenium.devtools.CdpVersionFinder findNearestMatch
ADVERTENCIA: Unable to find CDP implementation matching 142
dez. 01, 2025 1:11:50 AM org.openqa.selenium.chromium.ChromiumDriver lambda$new$5
ADVERTENCIA: Unable to find version of CDP to use for 142.0.7444.163. You may need to include a dependency on a specific version of the CDP using something similar to `org.seleniumhq.selenium:selenium-devtools-v86:4.20.0` where the version ("v86") matches the version of the chromium-based browser you're using and the version number of the artifact is the same as Selenium's.
]]></system-err>
  </testcase>
  <testcase name="loginComProblemUser" classname="br.com.projeto_swaglabs.SwagLabsLoginTests" time="4.247">
    <system-out><![CDATA[01:11:52.727 [main] DEBUG io.github.bonigarcia.wdm.WebDriverManager -- Using WebDriverManager 5.8.0
01:11:52.735 [main] DEBUG io.github.bonigarcia.wdm.cache.ResolutionCache -- Resolution chrome=142 in cache (valid until 01:15:17 01/12/2025 BRT)
01:11:52.735 [main] DEBUG io.github.bonigarcia.wdm.cache.ResolutionCache -- Resolution chrome142=142.0.7444.175 in cache (valid until 23:12:35 01/12/2025 BRT)
01:11:52.735 [main] INFO io.github.bonigarcia.wdm.WebDriverManager -- Using chromedriver 142.0.7444.175 (resolved driver for Chrome 142)
01:11:52.745 [main] DEBUG io.github.bonigarcia.wdm.WebDriverManager -- Driver chromedriver 142.0.7444.175 found in cache
01:11:52.745 [main] INFO io.github.bonigarcia.wdm.WebDriverManager -- Exporting webdriver.chrome.driver as C:\Users\bruno\.cache\selenium\chromedriver\win64\142.0.7444.175\chromedriver.exe
]]></system-out>
    <system-err><![CDATA[dez. 01, 2025 1:11:54 AM org.openqa.selenium.devtools.CdpVersionFinder findNearestMatch
ADVERTENCIA: Unable to find CDP implementation matching 142
dez. 01, 2025 1:11:54 AM org.openqa.selenium.chromium.ChromiumDriver lambda$new$5
ADVERTENCIA: Unable to find version of CDP to use for 142.0.7444.163. You may need to include a dependency on a specific version of the CDP using something similar to `org.seleniumhq.selenium:selenium-devtools-v86:4.20.0` where the version ("v86") matches the version of the chromium-based browser you're using and the version number of the artifact is the same as Selenium's.
]]></system-err>
  </testcase>
  <testcase name="loginComPerformanceGlitchUser" classname="br.com.projeto_swaglabs.SwagLabsLoginTests" time="8.116">
    <system-out><![CDATA[01:11:56.974 [main] DEBUG io.github.bonigarcia.wdm.WebDriverManager -- Using WebDriverManager 5.8.0
01:11:56.983 [main] DEBUG io.github.bonigarcia.wdm.cache.ResolutionCache -- Resolution chrome=142 in cache (valid until 01:15:17 01/12/2025 BRT)
01:11:56.984 [main] DEBUG io.github.bonigarcia.wdm.cache.ResolutionCache -- Resolution chrome142=142.0.7444.175 in cache (valid until 23:12:35 01/12/2025 BRT)
01:11:56.984 [main] INFO io.github.bonigarcia.wdm.WebDriverManager -- Using chromedriver 142.0.7444.175 (resolved driver for Chrome 142)
01:11:56.992 [main] DEBUG io.github.bonigarcia.wdm.WebDriverManager -- Driver chromedriver 142.0.7444.175 found in cache
01:11:56.993 [main] INFO io.github.bonigarcia.wdm.WebDriverManager -- Exporting webdriver.chrome.driver as C:\Users\bruno\.cache\selenium\chromedriver\win64\142.0.7444.175\chromedriver.exe
]]></system-out>
    <system-err><![CDATA[dez. 01, 2025 1:11:58 AM org.openqa.selenium.devtools.CdpVersionFinder findNearestMatch
ADVERTENCIA: Unable to find CDP implementation matching 142
dez. 01, 2025 1:11:58 AM org.openqa.selenium.chromium.ChromiumDriver lambda$new$5
ADVERTENCIA: Unable to find version of CDP to use for 142.0.7444.163. You may need to include a dependency on a specific version of the CDP using something similar to `org.seleniumhq.selenium:selenium-devtools-v86:4.20.0` where the version ("v86") matches the version of the chromium-based browser you're using and the version number of the artifact is the same as Selenium's.
]]></system-err>
  </testcase>
</testsuite>